# JRE version: OpenJDK Runtime Environment (8.0_202-b03) (build 1.8.0_202-release-1483-b03)
# Java VM: OpenJDK 64-Bit Server VM (25.202-b03 mixed mode windows-amd64 compressed oops)
Heap:
 PSYoungGen      total 317440K, used 278604K [0x00000000e0000000, 0x0000000100000000, 0x0000000100000000)
  eden space 197632K, 94% used [0x00000000e0000000,0x00000000eb5fff38,0x00000000ec100000)
  from space 119808K, 76% used [0x00000000f8b00000,0x00000000fe513388,0x0000000100000000)
  to   space 163328K, 0% used [0x00000000ec100000,0x00000000ec100000,0x00000000f6080000)
 ParOldGen       total 417792K, used 271944K [0x00000000a0000000, 0x00000000b9800000, 0x00000000e0000000)
  object space 417792K, 65% used [0x00000000a0000000,0x00000000b0992130,0x00000000b9800000)
 Metaspace       used 134469K, capacity 138300K, committed 139028K, reserved 1169408K
  class space    used 19114K, capacity 19852K, committed 20028K, reserved 1048576K
GC Heap History (10 events):
Event: 1746.364 GC heap before
{Heap before GC invocations=28 (full 5):
 PSYoungGen      total 367616K, used 330482K [0x00000000e0000000, 0x00000000fc000000, 0x0000000100000000)
  eden space 283648K, 100% used [0x00000000e0000000,0x00000000f1500000,0x00000000f1500000)
  from space 83968K, 55% used [0x00000000f6e00000,0x00000000f9bbc8d0,0x00000000fc000000)
  to   space 87552K, 0% used [0x00000000f1500000,0x00000000f1500000,0x00000000f6a80000)
 ParOldGen       total 257536K, used 169350K [0x00000000a0000000, 0x00000000afb80000, 0x00000000e0000000)
  object space 257536K, 65% used [0x00000000a0000000,0x00000000aa561978,0x00000000afb80000)
 Metaspace       used 116713K, capacity 120546K, committed 120596K, reserved 1153024K
  class space    used 15943K, capacity 16695K, committed 16700K, reserved 1048576K
Event: 1749.542 GC heap after
Heap after GC invocations=28 (full 5):
 PSYoungGen      total 371200K, used 56382K [0x00000000e0000000, 0x00000000fe380000, 0x0000000100000000)
  eden space 283648K, 0% used [0x00000000e0000000,0x00000000e0000000,0x00000000f1500000)
  from space 87552K, 64% used [0x00000000f1500000,0x00000000f4c0f980,0x00000000f6a80000)
  to   space 90624K, 0% used [0x00000000f8b00000,0x00000000f8b00000,0x00000000fe380000)
 ParOldGen       total 257536K, used 169366K [0x00000000a0000000, 0x00000000afb80000, 0x00000000e0000000)
  object space 257536K, 65% used [0x00000000a0000000,0x00000000aa565978,0x00000000afb80000)
 Metaspace       used 116713K, capacity 120546K, committed 120596K, reserved 1153024K
  class space    used 15943K, capacity 16695K, committed 16700K, reserved 1048576K
}
Event: 1788.863 GC heap before
{Heap before GC invocations=29 (full 5):
 PSYoungGen      total 371200K, used 340030K [0x00000000e0000000, 0x00000000fe380000, 0x0000000100000000)
  eden space 283648K, 100% used [0x00000000e0000000,0x00000000f1500000,0x00000000f1500000)
  from space 87552K, 64% used [0x00000000f1500000,0x00000000f4c0f980,0x00000000f6a80000)
  to   space 90624K, 0% used [0x00000000f8b00000,0x00000000f8b00000,0x00000000fe380000)
 ParOldGen       total 257536K, used 169366K [0x00000000a0000000, 0x00000000afb80000, 0x00000000e0000000)
  object space 257536K, 65% used [0x00000000a0000000,0x00000000aa565978,0x00000000afb80000)
 Metaspace       used 126683K, capacity 130542K, committed 130964K, reserved 1161216K
  class space    used 18271K, capacity 19041K, committed 19132K, reserved 1048576K
Event: 1795.273 GC heap after
Heap after GC invocations=29 (full 5):
 PSYoungGen      total 386048K, used 90617K [0x00000000e0000000, 0x0000000100000000, 0x0000000100000000)
  eden space 295424K, 0% used [0x00000000e0000000,0x00000000e0000000,0x00000000f2080000)
  from space 90624K, 99% used [0x00000000f8b00000,0x00000000fe37e538,0x00000000fe380000)
  to   space 109056K, 0% used [0x00000000f2080000,0x00000000f2080000,0x00000000f8b00000)
 ParOldGen       total 257536K, used 179235K [0x00000000a0000000, 0x00000000afb80000, 0x00000000e0000000)
  object space 257536K, 69% used [0x00000000a0000000,0x00000000aaf08f40,0x00000000afb80000)
 Metaspace       used 126683K, capacity 130542K, committed 130964K, reserved 1161216K
  class space    used 18271K, capacity 19041K, committed 19132K, reserved 1048576K
}
Event: 1809.811 GC heap before
{Heap before GC invocations=30 (full 5):
 PSYoungGen      total 386048K, used 386041K [0x00000000e0000000, 0x0000000100000000, 0x0000000100000000)
  eden space 295424K, 100% used [0x00000000e0000000,0x00000000f2080000,0x00000000f2080000)
  from space 90624K, 99% used [0x00000000f8b00000,0x00000000fe37e538,0x00000000fe380000)
  to   space 109056K, 0% used [0x00000000f2080000,0x00000000f2080000,0x00000000f8b00000)
 ParOldGen       total 257536K, used 179235K [0x00000000a0000000, 0x00000000afb80000, 0x00000000e0000000)
  object space 257536K, 69% used [0x00000000a0000000,0x00000000aaf08f40,0x00000000afb80000)
 Metaspace       used 134430K, capacity 138416K, committed 138772K, reserved 1167360K
  class space    used 19159K, capacity 19936K, committed 20028K, reserved 1048576K
Event: 1811.088 GC heap after
Heap after GC invocations=30 (full 5):
 PSYoungGen      total 404480K, used 109025K [0x00000000e0000000, 0x0000000100000000, 0x0000000100000000)
  eden space 295424K, 0% used [0x00000000e0000000,0x00000000e0000000,0x00000000f2080000)
  from space 109056K, 99% used [0x00000000f2080000,0x00000000f8af86b0,0x00000000f8b00000)
  to   space 119808K, 0% used [0x00000000f8b00000,0x00000000f8b00000,0x0000000100000000)
 ParOldGen       total 271872K, used 271814K [0x00000000a0000000, 0x00000000b0980000, 0x00000000e0000000)
  object space 271872K, 99% used [0x00000000a0000000,0x00000000b0971800,0x00000000b0980000)
 Metaspace       used 134430K, capacity 138416K, committed 138772K, reserved 1167360K
  class space    used 19159K, capacity 19936K, committed 20028K, reserved 1048576K
}
Event: 1811.089 GC heap before
{Heap before GC invocations=31 (full 6):
 PSYoungGen      total 404480K, used 109025K [0x00000000e0000000, 0x0000000100000000, 0x0000000100000000)
  eden space 295424K, 0% used [0x00000000e0000000,0x00000000e0000000,0x00000000f2080000)
  from space 109056K, 99% used [0x00000000f2080000,0x00000000f8af86b0,0x00000000f8b00000)
  to   space 119808K, 0% used [0x00000000f8b00000,0x00000000f8b00000,0x0000000100000000)
 ParOldGen       total 271872K, used 271814K [0x00000000a0000000, 0x00000000b0980000, 0x00000000e0000000)
  object space 271872K, 99% used [0x00000000a0000000,0x00000000b0971800,0x00000000b0980000)
 Metaspace       used 134430K, capacity 138416K, committed 138772K, reserved 1167360K
  class space    used 19159K, capacity 19936K, committed 20028K, reserved 1048576K
Event: 1823.631 GC heap after
Heap after GC invocations=31 (full 6):
 PSYoungGen      total 404480K, used 38478K [0x00000000e0000000, 0x0000000100000000, 0x0000000100000000)
  eden space 295424K, 0% used [0x00000000e0000000,0x00000000e0000000,0x00000000f2080000)
  from space 109056K, 35% used [0x00000000f2080000,0x00000000f46139a8,0x00000000f8b00000)
  to   space 119808K, 0% used [0x00000000f8b00000,0x00000000f8b00000,0x0000000100000000)
 ParOldGen       total 417792K, used 271560K [0x00000000a0000000, 0x00000000b9800000, 0x00000000e0000000)
  object space 417792K, 64% used [0x00000000a0000000,0x00000000b0932130,0x00000000b9800000)
 Metaspace       used 134276K, capacity 138054K, committed 138772K, reserved 1167360K
  class space    used 19109K, capacity 19845K, committed 20028K, reserved 1048576K
}
Event: 1834.090 GC heap before
{Heap before GC invocations=32 (full 6):
 PSYoungGen      total 404480K, used 333902K [0x00000000e0000000, 0x0000000100000000, 0x0000000100000000)
  eden space 295424K, 100% used [0x00000000e0000000,0x00000000f2080000,0x00000000f2080000)
  from space 109056K, 35% used [0x00000000f2080000,0x00000000f46139a8,0x00000000f8b00000)
  to   space 119808K, 0% used [0x00000000f8b00000,0x00000000f8b00000,0x0000000100000000)
 ParOldGen       total 417792K, used 271560K [0x00000000a0000000, 0x00000000b9800000, 0x00000000e0000000)
  object space 417792K, 64% used [0x00000000a0000000,0x00000000b0932130,0x00000000b9800000)
 Metaspace       used 134370K, capacity 138182K, committed 139028K, reserved 1169408K
  class space    used 19109K, capacity 19845K, committed 20028K, reserved 1048576K
Event: 1834.397 GC heap after
Heap after GC invocations=32 (full 6):
 PSYoungGen      total 317440K, used 92236K [0x00000000e0000000, 0x0000000100000000, 0x0000000100000000)
  eden space 197632K, 0% used [0x00000000e0000000,0x00000000e0000000,0x00000000ec100000)
  from space 119808K, 76% used [0x00000000f8b00000,0x00000000fe513388,0x0000000100000000)
  to   space 163328K, 0% used [0x00000000ec100000,0x00000000ec100000,0x00000000f6080000)
 ParOldGen       total 417792K, used 271944K [0x00000000a0000000, 0x00000000b9800000, 0x00000000e0000000)
  object space 417792K, 65% used [0x00000000a0000000,0x00000000b0992130,0x00000000b9800000)
 Metaspace       used 134370K, capacity 138182K, committed 139028K, reserved 1169408K
  class space    used 19109K, capacity 19845K, committed 20028K, reserved 1048576K
}

